{"/home/andreas/work/unexpected-http/bootstrap-unexpected-markdown.js":{"path":"/home/andreas/work/unexpected-http/bootstrap-unexpected-markdown.js","s":{"1":1,"2":1,"3":1},"b":{},"f":{},"fnMap":{},"statementMap":{"1":{"start":{"line":2,"column":0},"end":{"line":2,"column":35}},"2":{"start":{"line":3,"column":0},"end":{"line":3,"column":38}},"3":{"start":{"line":4,"column":0},"end":{"line":4,"column":58}}},"branchMap":{}},"/home/andreas/work/unexpected-http/lib/unexpectedHttp.js":{"path":"/home/andreas/work/unexpected-http/lib/unexpectedHttp.js","s":{"1":1,"2":1,"3":1,"4":19,"5":19,"6":19,"7":4,"8":15,"9":2,"10":13,"11":2,"12":11,"13":11,"14":1,"15":19,"16":19,"17":1,"18":7,"19":7,"20":7,"21":5,"22":5,"23":1,"24":4,"25":2,"26":1,"27":1,"28":2,"29":2,"30":1,"31":1,"32":19,"33":19,"34":19,"35":19,"36":19,"37":19,"38":3,"39":2,"40":2,"41":1,"42":19,"43":19,"44":19,"45":19,"46":19,"47":1,"48":1,"49":1,"50":19,"51":17,"52":17,"53":1,"54":17,"55":19,"56":19,"57":39,"58":19,"59":19,"60":19,"61":2,"62":1,"63":1,"64":1,"65":1,"66":19,"67":13,"68":1,"69":12,"70":12,"71":14,"72":12,"73":0,"74":12,"75":1,"76":12,"77":12,"78":10,"79":2,"80":0,"81":0,"82":0,"83":0,"84":0,"85":0,"86":0,"87":0,"88":0,"89":0,"90":0,"91":0,"92":2,"93":12,"94":12,"95":12,"96":12,"97":3,"98":3,"99":3,"100":12,"101":9,"102":9,"103":19,"104":0,"105":19,"106":2,"107":2,"108":17,"109":1},"b":{"1":[4,15],"2":[19,15],"3":[2,13],"4":[2,11],"5":[13,11,11],"6":[1,10],"7":[7,0],"8":[5,2],"9":[1,1],"10":[19,17],"11":[3,16],"12":[19,19,3,3,3],"13":[2,1],"14":[19,0],"15":[19,19],"16":[1,18],"17":[1,0],"18":[17,2],"19":[19,17],"20":[1,16],"21":[19,0],"22":[0,0],"23":[0,0],"24":[19,0,0,0],"25":[0,0],"26":[0,0],"27":[0,0],"28":[19,19],"29":[2,17],"30":[0,19],"31":[1,12],"32":[0,12],"33":[1,11],"34":[10,2],"35":[12,10,10],"36":[0,2],"37":[2,0],"38":[0,0],"39":[12,0],"40":[12,0],"41":[3,0],"42":[9,3],"43":[0,19],"44":[2,17]},"f":{"1":1,"2":19,"3":19,"4":7,"5":2,"6":39,"7":1,"8":13,"9":14,"10":12,"11":12,"12":3,"13":12},"fnMap":{"1":{"name":"(anonymous_1)","line":9,"loc":{"start":{"line":9,"column":17},"end":{"line":9,"column":35}}},"2":{"name":"(anonymous_2)","line":15,"loc":{"start":{"line":15,"column":15},"end":{"line":15,"column":49}}},"3":{"name":"(anonymous_3)","line":32,"loc":{"start":{"line":32,"column":38},"end":{"line":32,"column":65}}},"4":{"name":"handleError","line":34,"loc":{"start":{"line":34,"column":20},"end":{"line":34,"column":46}}},"5":{"name":"(anonymous_5)","line":48,"loc":{"start":{"line":48,"column":46},"end":{"line":48,"column":64}}},"6":{"name":"(anonymous_6)","line":100,"loc":{"start":{"line":100,"column":49},"end":{"line":100,"column":71}}},"7":{"name":"(anonymous_7)","line":113,"loc":{"start":{"line":113,"column":45},"end":{"line":113,"column":57}}},"8":{"name":"(anonymous_8)","line":123,"loc":{"start":{"line":123,"column":112},"end":{"line":123,"column":132}}},"9":{"name":"(anonymous_9)","line":128,"loc":{"start":{"line":128,"column":44},"end":{"line":128,"column":61}}},"10":{"name":"(anonymous_10)","line":130,"loc":{"start":{"line":130,"column":37},"end":{"line":130,"column":49}}},"11":{"name":"(anonymous_11)","line":171,"loc":{"start":{"line":171,"column":43},"end":{"line":171,"column":55}}},"12":{"name":"(anonymous_12)","line":177,"loc":{"start":{"line":177,"column":38},"end":{"line":177,"column":51}}},"13":{"name":"(anonymous_13)","line":182,"loc":{"start":{"line":182,"column":36},"end":{"line":182,"column":48}}}},"statementMap":{"1":{"start":{"line":2,"column":0},"end":{"line":5,"column":30}},"2":{"start":{"line":7,"column":0},"end":{"line":205,"column":2}},"3":{"start":{"line":10,"column":8},"end":{"line":203,"column":15}},"4":{"start":{"line":16,"column":16},"end":{"line":16,"column":32}},"5":{"start":{"line":17,"column":16},"end":{"line":18,"column":42}},"6":{"start":{"line":19,"column":16},"end":{"line":30,"column":17}},"7":{"start":{"line":20,"column":20},"end":{"line":20,"column":50}},"8":{"start":{"line":21,"column":23},"end":{"line":30,"column":17}},"9":{"start":{"line":22,"column":20},"end":{"line":22,"column":48}},"10":{"start":{"line":23,"column":23},"end":{"line":30,"column":17}},"11":{"start":{"line":24,"column":20},"end":{"line":24,"column":42}},"12":{"start":{"line":26,"column":20},"end":{"line":26,"column":48}},"13":{"start":{"line":27,"column":20},"end":{"line":29,"column":21}},"14":{"start":{"line":28,"column":24},"end":{"line":28,"column":60}},"15":{"start":{"line":32,"column":16},"end":{"line":202,"column":19}},"16":{"start":{"line":33,"column":20},"end":{"line":33,"column":47}},"17":{"start":{"line":34,"column":20},"end":{"line":61,"column":21}},"18":{"start":{"line":35,"column":24},"end":{"line":60,"column":25}},"19":{"start":{"line":36,"column":28},"end":{"line":36,"column":50}},"20":{"start":{"line":37,"column":28},"end":{"line":59,"column":29}},"21":{"start":{"line":38,"column":32},"end":{"line":42,"column":33}},"22":{"start":{"line":39,"column":36},"end":{"line":39,"column":83}},"23":{"start":{"line":41,"column":36},"end":{"line":41,"column":53}},"24":{"start":{"line":43,"column":32},"end":{"line":43,"column":49}},"25":{"start":{"line":44,"column":35},"end":{"line":59,"column":29}},"26":{"start":{"line":46,"column":32},"end":{"line":56,"column":33}},"27":{"start":{"line":47,"column":36},"end":{"line":53,"column":39}},"28":{"start":{"line":49,"column":44},"end":{"line":49,"column":70}},"29":{"start":{"line":50,"column":44},"end":{"line":50,"column":68}},"30":{"start":{"line":55,"column":36},"end":{"line":55,"column":46}},"31":{"start":{"line":58,"column":32},"end":{"line":58,"column":44}},"32":{"start":{"line":62,"column":20},"end":{"line":62,"column":44}},"33":{"start":{"line":63,"column":20},"end":{"line":63,"column":62}},"34":{"start":{"line":64,"column":20},"end":{"line":64,"column":51}},"35":{"start":{"line":65,"column":20},"end":{"line":65,"column":50}},"36":{"start":{"line":66,"column":20},"end":{"line":66,"column":52}},"37":{"start":{"line":68,"column":20},"end":{"line":75,"column":21}},"38":{"start":{"line":69,"column":24},"end":{"line":74,"column":25}},"39":{"start":{"line":70,"column":28},"end":{"line":70,"column":62}},"40":{"start":{"line":71,"column":28},"end":{"line":71,"column":55}},"41":{"start":{"line":73,"column":28},"end":{"line":73,"column":53}},"42":{"start":{"line":77,"column":20},"end":{"line":79,"column":21}},"43":{"start":{"line":78,"column":24},"end":{"line":78,"column":65}},"44":{"start":{"line":81,"column":20},"end":{"line":81,"column":68}},"45":{"start":{"line":82,"column":20},"end":{"line":82,"column":78}},"46":{"start":{"line":83,"column":20},"end":{"line":88,"column":21}},"47":{"start":{"line":84,"column":24},"end":{"line":86,"column":25}},"48":{"start":{"line":85,"column":28},"end":{"line":85,"column":88}},"49":{"start":{"line":87,"column":24},"end":{"line":87,"column":76}},"50":{"start":{"line":91,"column":20},"end":{"line":97,"column":21}},"51":{"start":{"line":92,"column":24},"end":{"line":92,"column":46}},"52":{"start":{"line":93,"column":24},"end":{"line":95,"column":25}},"53":{"start":{"line":94,"column":28},"end":{"line":94,"column":77}},"54":{"start":{"line":96,"column":24},"end":{"line":96,"column":81}},"55":{"start":{"line":99,"column":20},"end":{"line":99,"column":74}},"56":{"start":{"line":100,"column":20},"end":{"line":102,"column":23}},"57":{"start":{"line":101,"column":24},"end":{"line":101,"column":77}},"58":{"start":{"line":103,"column":20},"end":{"line":109,"column":85}},"59":{"start":{"line":111,"column":20},"end":{"line":111,"column":39}},"60":{"start":{"line":112,"column":20},"end":{"line":121,"column":21}},"61":{"start":{"line":113,"column":24},"end":{"line":120,"column":43}},"62":{"start":{"line":114,"column":28},"end":{"line":114,"column":54}},"63":{"start":{"line":115,"column":28},"end":{"line":119,"column":29}},"64":{"start":{"line":116,"column":32},"end":{"line":116,"column":97}},"65":{"start":{"line":118,"column":32},"end":{"line":118,"column":54}},"66":{"start":{"line":123,"column":20},"end":{"line":189,"column":48}},"67":{"start":{"line":124,"column":24},"end":{"line":126,"column":25}},"68":{"start":{"line":125,"column":28},"end":{"line":125,"column":35}},"69":{"start":{"line":127,"column":24},"end":{"line":127,"column":40}},"70":{"start":{"line":128,"column":24},"end":{"line":188,"column":52}},"71":{"start":{"line":129,"column":28},"end":{"line":129,"column":47}},"72":{"start":{"line":131,"column":28},"end":{"line":133,"column":29}},"73":{"start":{"line":132,"column":32},"end":{"line":132,"column":39}},"74":{"start":{"line":134,"column":28},"end":{"line":136,"column":29}},"75":{"start":{"line":135,"column":32},"end":{"line":135,"column":54}},"76":{"start":{"line":138,"column":28},"end":{"line":138,"column":37}},"77":{"start":{"line":139,"column":28},"end":{"line":163,"column":29}},"78":{"start":{"line":140,"column":32},"end":{"line":140,"column":61}},"79":{"start":{"line":141,"column":35},"end":{"line":163,"column":29}},"80":{"start":{"line":143,"column":32},"end":{"line":159,"column":33}},"81":{"start":{"line":144,"column":36},"end":{"line":144,"column":65}},"82":{"start":{"line":146,"column":36},"end":{"line":146,"column":56}},"83":{"start":{"line":147,"column":36},"end":{"line":147,"column":42}},"84":{"start":{"line":148,"column":36},"end":{"line":150,"column":37}},"85":{"start":{"line":149,"column":40},"end":{"line":149,"column":72}},"86":{"start":{"line":151,"column":36},"end":{"line":151,"column":67}},"87":{"start":{"line":152,"column":36},"end":{"line":152,"column":51}},"88":{"start":{"line":153,"column":36},"end":{"line":158,"column":37}},"89":{"start":{"line":154,"column":40},"end":{"line":157,"column":41}},"90":{"start":{"line":155,"column":44},"end":{"line":155,"column":72}},"91":{"start":{"line":156,"column":44},"end":{"line":156,"column":56}},"92":{"start":{"line":162,"column":32},"end":{"line":162,"column":55}},"93":{"start":{"line":164,"column":28},"end":{"line":170,"column":31}},"94":{"start":{"line":171,"column":28},"end":{"line":187,"column":31}},"95":{"start":{"line":172,"column":32},"end":{"line":172,"column":81}},"96":{"start":{"line":173,"column":32},"end":{"line":176,"column":69}},"97":{"start":{"line":178,"column":32},"end":{"line":181,"column":33}},"98":{"start":{"line":179,"column":36},"end":{"line":179,"column":58}},"99":{"start":{"line":180,"column":36},"end":{"line":180,"column":53}},"100":{"start":{"line":183,"column":32},"end":{"line":186,"column":33}},"101":{"start":{"line":184,"column":36},"end":{"line":184,"column":58}},"102":{"start":{"line":185,"column":36},"end":{"line":185,"column":53}},"103":{"start":{"line":191,"column":20},"end":{"line":194,"column":21}},"104":{"start":{"line":193,"column":24},"end":{"line":193,"column":65}},"105":{"start":{"line":196,"column":20},"end":{"line":201,"column":21}},"106":{"start":{"line":197,"column":24},"end":{"line":197,"column":50}},"107":{"start":{"line":198,"column":24},"end":{"line":198,"column":61}},"108":{"start":{"line":200,"column":24},"end":{"line":200,"column":63}},"109":{"start":{"line":207,"column":0},"end":{"line":207,"column":29}}},"branchMap":{"1":{"line":19,"type":"if","locations":[{"start":{"line":19,"column":16},"end":{"line":19,"column":16}},{"start":{"line":19,"column":16},"end":{"line":19,"column":16}}]},"2":{"line":19,"type":"binary-expr","locations":[{"start":{"line":19,"column":20},"end":{"line":19,"column":78}},{"start":{"line":19,"column":82},"end":{"line":19,"column":104}}]},"3":{"line":21,"type":"if","locations":[{"start":{"line":21,"column":23},"end":{"line":21,"column":23}},{"start":{"line":21,"column":23},"end":{"line":21,"column":23}}]},"4":{"line":23,"type":"if","locations":[{"start":{"line":23,"column":23},"end":{"line":23,"column":23}},{"start":{"line":23,"column":23},"end":{"line":23,"column":23}}]},"5":{"line":23,"type":"binary-expr","locations":[{"start":{"line":23,"column":27},"end":{"line":23,"column":52}},{"start":{"line":23,"column":57},"end":{"line":23,"column":86}},{"start":{"line":23,"column":90},"end":{"line":23,"column":112}}]},"6":{"line":27,"type":"if","locations":[{"start":{"line":27,"column":20},"end":{"line":27,"column":20}},{"start":{"line":27,"column":20},"end":{"line":27,"column":20}}]},"7":{"line":35,"type":"if","locations":[{"start":{"line":35,"column":24},"end":{"line":35,"column":24}},{"start":{"line":35,"column":24},"end":{"line":35,"column":24}}]},"8":{"line":37,"type":"if","locations":[{"start":{"line":37,"column":28},"end":{"line":37,"column":28}},{"start":{"line":37,"column":28},"end":{"line":37,"column":28}}]},"9":{"line":44,"type":"if","locations":[{"start":{"line":44,"column":35},"end":{"line":44,"column":35}},{"start":{"line":44,"column":35},"end":{"line":44,"column":35}}]},"10":{"line":63,"type":"binary-expr","locations":[{"start":{"line":63,"column":41},"end":{"line":63,"column":56}},{"start":{"line":63,"column":60},"end":{"line":63,"column":61}}]},"11":{"line":68,"type":"if","locations":[{"start":{"line":68,"column":20},"end":{"line":68,"column":20}},{"start":{"line":68,"column":20},"end":{"line":68,"column":20}}]},"12":{"line":68,"type":"binary-expr","locations":[{"start":{"line":68,"column":24},"end":{"line":68,"column":50}},{"start":{"line":68,"column":55},"end":{"line":68,"column":66}},{"start":{"line":68,"column":70},"end":{"line":68,"column":101}},{"start":{"line":68,"column":106},"end":{"line":68,"column":135}},{"start":{"line":68,"column":139},"end":{"line":68,"column":168}}]},"13":{"line":69,"type":"if","locations":[{"start":{"line":69,"column":24},"end":{"line":69,"column":24}},{"start":{"line":69,"column":24},"end":{"line":69,"column":24}}]},"14":{"line":77,"type":"if","locations":[{"start":{"line":77,"column":20},"end":{"line":77,"column":20}},{"start":{"line":77,"column":20},"end":{"line":77,"column":20}}]},"15":{"line":82,"type":"binary-expr","locations":[{"start":{"line":82,"column":43},"end":{"line":82,"column":63}},{"start":{"line":82,"column":67},"end":{"line":82,"column":77}}]},"16":{"line":83,"type":"if","locations":[{"start":{"line":83,"column":20},"end":{"line":83,"column":20}},{"start":{"line":83,"column":20},"end":{"line":83,"column":20}}]},"17":{"line":84,"type":"if","locations":[{"start":{"line":84,"column":24},"end":{"line":84,"column":24}},{"start":{"line":84,"column":24},"end":{"line":84,"column":24}}]},"18":{"line":91,"type":"if","locations":[{"start":{"line":91,"column":20},"end":{"line":91,"column":20}},{"start":{"line":91,"column":20},"end":{"line":91,"column":20}}]},"19":{"line":91,"type":"binary-expr","locations":[{"start":{"line":91,"column":24},"end":{"line":91,"column":44}},{"start":{"line":91,"column":48},"end":{"line":91,"column":90}}]},"20":{"line":93,"type":"if","locations":[{"start":{"line":93,"column":24},"end":{"line":93,"column":24}},{"start":{"line":93,"column":24},"end":{"line":93,"column":24}}]},"21":{"line":104,"type":"binary-expr","locations":[{"start":{"line":104,"column":30},"end":{"line":104,"column":46}},{"start":{"line":104,"column":51},"end":{"line":104,"column":160}}]},"22":{"line":104,"type":"cond-expr","locations":[{"start":{"line":104,"column":122},"end":{"line":104,"column":146}},{"start":{"line":104,"column":149},"end":{"line":104,"column":160}}]},"23":{"line":104,"type":"binary-expr","locations":[{"start":{"line":104,"column":51},"end":{"line":104,"column":77}},{"start":{"line":104,"column":81},"end":{"line":104,"column":119}}]},"24":{"line":105,"type":"binary-expr","locations":[{"start":{"line":105,"column":30},"end":{"line":105,"column":46}},{"start":{"line":105,"column":51},"end":{"line":105,"column":77}},{"start":{"line":105,"column":82},"end":{"line":105,"column":194}},{"start":{"line":105,"column":201},"end":{"line":105,"column":233}}]},"25":{"line":105,"type":"cond-expr","locations":[{"start":{"line":105,"column":123},"end":{"line":105,"column":143}},{"start":{"line":105,"column":146},"end":{"line":105,"column":194}}]},"26":{"line":105,"type":"cond-expr","locations":[{"start":{"line":105,"column":186},"end":{"line":105,"column":189}},{"start":{"line":105,"column":192},"end":{"line":105,"column":194}}]},"27":{"line":105,"type":"cond-expr","locations":[{"start":{"line":105,"column":225},"end":{"line":105,"column":228}},{"start":{"line":105,"column":231},"end":{"line":105,"column":233}}]},"28":{"line":107,"type":"binary-expr","locations":[{"start":{"line":107,"column":50},"end":{"line":107,"column":68}},{"start":{"line":107,"column":72},"end":{"line":107,"column":74}}]},"29":{"line":112,"type":"if","locations":[{"start":{"line":112,"column":20},"end":{"line":112,"column":20}},{"start":{"line":112,"column":20},"end":{"line":112,"column":20}}]},"30":{"line":123,"type":"cond-expr","locations":[{"start":{"line":123,"column":59},"end":{"line":123,"column":64}},{"start":{"line":123,"column":67},"end":{"line":123,"column":71}}]},"31":{"line":124,"type":"if","locations":[{"start":{"line":124,"column":24},"end":{"line":124,"column":24}},{"start":{"line":124,"column":24},"end":{"line":124,"column":24}}]},"32":{"line":131,"type":"if","locations":[{"start":{"line":131,"column":28},"end":{"line":131,"column":28}},{"start":{"line":131,"column":28},"end":{"line":131,"column":28}}]},"33":{"line":134,"type":"if","locations":[{"start":{"line":134,"column":28},"end":{"line":134,"column":28}},{"start":{"line":134,"column":28},"end":{"line":134,"column":28}}]},"34":{"line":139,"type":"if","locations":[{"start":{"line":139,"column":28},"end":{"line":139,"column":28}},{"start":{"line":139,"column":28},"end":{"line":139,"column":28}}]},"35":{"line":139,"type":"binary-expr","locations":[{"start":{"line":139,"column":32},"end":{"line":139,"column":49}},{"start":{"line":139,"column":53},"end":{"line":139,"column":82}},{"start":{"line":139,"column":86},"end":{"line":139,"column":112}}]},"36":{"line":141,"type":"if","locations":[{"start":{"line":141,"column":35},"end":{"line":141,"column":35}},{"start":{"line":141,"column":35},"end":{"line":141,"column":35}}]},"37":{"line":141,"type":"binary-expr","locations":[{"start":{"line":141,"column":39},"end":{"line":141,"column":56}},{"start":{"line":141,"column":60},"end":{"line":141,"column":91}}]},"38":{"line":143,"type":"if","locations":[{"start":{"line":143,"column":32},"end":{"line":143,"column":32}},{"start":{"line":143,"column":32},"end":{"line":143,"column":32}}]},"39":{"line":167,"type":"binary-expr","locations":[{"start":{"line":167,"column":53},"end":{"line":167,"column":78}},{"start":{"line":167,"column":82},"end":{"line":167,"column":85}}]},"40":{"line":167,"type":"binary-expr","locations":[{"start":{"line":167,"column":96},"end":{"line":167,"column":121}},{"start":{"line":167,"column":125},"end":{"line":167,"column":128}}]},"41":{"line":178,"type":"if","locations":[{"start":{"line":178,"column":32},"end":{"line":178,"column":32}},{"start":{"line":178,"column":32},"end":{"line":178,"column":32}}]},"42":{"line":183,"type":"if","locations":[{"start":{"line":183,"column":32},"end":{"line":183,"column":32}},{"start":{"line":183,"column":32},"end":{"line":183,"column":32}}]},"43":{"line":191,"type":"if","locations":[{"start":{"line":191,"column":20},"end":{"line":191,"column":20}},{"start":{"line":191,"column":20},"end":{"line":191,"column":20}}]},"44":{"line":196,"type":"if","locations":[{"start":{"line":196,"column":20},"end":{"line":196,"column":20}},{"start":{"line":196,"column":20},"end":{"line":196,"column":20}}]}}}}