TN:
SF:/home/andreas/work/unexpected-http/bootstrap-unexpected-markdown.js
FNF:0
FNH:0
DA:2,1
DA:3,1
DA:4,1
LF:3
LH:3
BRF:0
BRH:0
end_of_record
TN:
SF:/home/andreas/work/unexpected-http/lib/unexpectedHttp.js
FN:9,(anonymous_1)
FN:15,(anonymous_2)
FN:32,(anonymous_3)
FN:34,handleError
FN:48,(anonymous_5)
FN:100,(anonymous_6)
FN:113,(anonymous_7)
FN:123,(anonymous_8)
FN:128,(anonymous_9)
FN:130,(anonymous_10)
FN:171,(anonymous_11)
FN:177,(anonymous_12)
FN:182,(anonymous_13)
FNF:13
FNH:13
FNDA:1,(anonymous_1)
FNDA:19,(anonymous_2)
FNDA:19,(anonymous_3)
FNDA:7,handleError
FNDA:2,(anonymous_5)
FNDA:39,(anonymous_6)
FNDA:1,(anonymous_7)
FNDA:13,(anonymous_8)
FNDA:14,(anonymous_9)
FNDA:12,(anonymous_10)
FNDA:12,(anonymous_11)
FNDA:3,(anonymous_12)
FNDA:12,(anonymous_13)
DA:2,1
DA:7,1
DA:10,1
DA:16,19
DA:17,19
DA:19,19
DA:20,4
DA:21,15
DA:22,2
DA:23,13
DA:24,2
DA:26,11
DA:27,11
DA:28,1
DA:32,19
DA:33,19
DA:34,1
DA:35,7
DA:36,7
DA:37,7
DA:38,5
DA:39,5
DA:41,1
DA:43,4
DA:44,2
DA:46,1
DA:47,1
DA:49,2
DA:50,2
DA:55,1
DA:58,1
DA:62,19
DA:63,19
DA:64,19
DA:65,19
DA:66,19
DA:68,19
DA:69,3
DA:70,2
DA:71,2
DA:73,1
DA:77,19
DA:78,19
DA:81,19
DA:82,19
DA:83,19
DA:84,1
DA:85,1
DA:87,1
DA:91,19
DA:92,17
DA:93,17
DA:94,1
DA:96,17
DA:99,19
DA:100,19
DA:101,39
DA:103,19
DA:111,19
DA:112,19
DA:113,2
DA:114,1
DA:115,1
DA:116,1
DA:118,1
DA:123,19
DA:124,13
DA:125,1
DA:127,12
DA:128,12
DA:129,14
DA:131,12
DA:132,0
DA:134,12
DA:135,1
DA:138,12
DA:139,12
DA:140,10
DA:141,2
DA:143,0
DA:144,0
DA:146,0
DA:147,0
DA:148,0
DA:149,0
DA:151,0
DA:152,0
DA:153,0
DA:154,0
DA:155,0
DA:156,0
DA:162,2
DA:164,12
DA:171,12
DA:172,12
DA:173,12
DA:178,3
DA:179,3
DA:180,3
DA:183,12
DA:184,9
DA:185,9
DA:191,19
DA:193,0
DA:196,19
DA:197,2
DA:198,2
DA:200,17
DA:207,1
LF:109
LH:95
BRDA:19,1,0,4
BRDA:19,1,1,15
BRDA:19,2,0,19
BRDA:19,2,1,15
BRDA:21,3,0,2
BRDA:21,3,1,13
BRDA:23,4,0,2
BRDA:23,4,1,11
BRDA:23,5,0,13
BRDA:23,5,1,11
BRDA:23,5,2,11
BRDA:27,6,0,1
BRDA:27,6,1,10
BRDA:35,7,0,7
BRDA:35,7,1,0
BRDA:37,8,0,5
BRDA:37,8,1,2
BRDA:44,9,0,1
BRDA:44,9,1,1
BRDA:63,10,0,19
BRDA:63,10,1,17
BRDA:68,11,0,3
BRDA:68,11,1,16
BRDA:68,12,0,19
BRDA:68,12,1,19
BRDA:68,12,2,3
BRDA:68,12,3,3
BRDA:68,12,4,3
BRDA:69,13,0,2
BRDA:69,13,1,1
BRDA:77,14,0,19
BRDA:77,14,1,0
BRDA:82,15,0,19
BRDA:82,15,1,19
BRDA:83,16,0,1
BRDA:83,16,1,18
BRDA:84,17,0,1
BRDA:84,17,1,0
BRDA:91,18,0,17
BRDA:91,18,1,2
BRDA:91,19,0,19
BRDA:91,19,1,17
BRDA:93,20,0,1
BRDA:93,20,1,16
BRDA:104,21,0,19
BRDA:104,21,1,0
BRDA:104,22,0,0
BRDA:104,22,1,0
BRDA:104,23,0,0
BRDA:104,23,1,0
BRDA:105,24,0,19
BRDA:105,24,1,0
BRDA:105,24,2,0
BRDA:105,24,3,0
BRDA:105,25,0,0
BRDA:105,25,1,0
BRDA:105,26,0,0
BRDA:105,26,1,0
BRDA:105,27,0,0
BRDA:105,27,1,0
BRDA:107,28,0,19
BRDA:107,28,1,19
BRDA:112,29,0,2
BRDA:112,29,1,17
BRDA:123,30,0,0
BRDA:123,30,1,19
BRDA:124,31,0,1
BRDA:124,31,1,12
BRDA:131,32,0,0
BRDA:131,32,1,12
BRDA:134,33,0,1
BRDA:134,33,1,11
BRDA:139,34,0,10
BRDA:139,34,1,2
BRDA:139,35,0,12
BRDA:139,35,1,10
BRDA:139,35,2,10
BRDA:141,36,0,0
BRDA:141,36,1,2
BRDA:141,37,0,2
BRDA:141,37,1,0
BRDA:143,38,0,0
BRDA:143,38,1,0
BRDA:167,39,0,12
BRDA:167,39,1,0
BRDA:167,40,0,12
BRDA:167,40,1,0
BRDA:178,41,0,3
BRDA:178,41,1,0
BRDA:183,42,0,9
BRDA:183,42,1,3
BRDA:191,43,0,0
BRDA:191,43,1,19
BRDA:196,44,0,2
BRDA:196,44,1,17
BRF:95
BRH:68
end_of_record
